<?xml version="1.0" encoding="utf-8"?><testsuites name="pytest tests"><testsuite name="pytest" errors="0" failures="0" skipped="0" tests="21" time="3.186" timestamp="2026-05-25T13:46:35.139873+00:00" hostname="agent-env-bdd7b439-3503-481f-b59a-c78c7437f3b3"><testcase classname="backend.tests.test_trip_lifecycle.TestTripFullLifecycle" name="test_lifecycle_post_patch_get" time="0.446" /><testcase classname="backend.tests.test_trip_lifecycle.TestPatchAllMarkerTypes" name="test_patch_persists_all_5_marker_types" time="0.175" /><testcase classname="backend.tests.test_trip_lifecycle.TestPatchAllMarkerTypes" name="test_patch_invalid_marker_type_rejected" time="0.049" /><testcase classname="backend.tests.test_trip_lifecycle.TestLargeRoutePatch" name="test_patch_large_route_150_points" time="0.189" /><testcase classname="backend.tests.test_trip_lifecycle.TestListSorted" name="test_list_sorted_desc_includes_created" time="0.062" /><testcase classname="backend.tests.test_trip_lifecycle.TestDeleteThen404" name="test_delete_then_get_404" time="0.181" /><testcase classname="backend.tests.test_trip_lifecycle" name="test_zz_cleanup_iter2" time="0.104" /><testcase classname="backend.tests.test_trips.TestRoot" name="test_root_ok" time="0.193" /><testcase classname="backend.tests.test_trips.TestTripCRUD" name="test_create_trip_defaults" time="0.063" /><testcase classname="backend.tests.test_trips.TestTripCRUD" name="test_create_trip_no_name" time="0.060" /><testcase classname="backend.tests.test_trips.TestTripCRUD" name="test_list_trips_sorted_desc_no_id_leak" time="0.060" /><testcase classname="backend.tests.test_trips.TestTripCRUD" name="test_get_trip_by_id" time="0.059" /><testcase classname="backend.tests.test_trips.TestTripCRUD" name="test_get_trip_404" time="0.057" /><testcase classname="backend.tests.test_trips.TestTripUpdate" name="test_patch_all_fields_persist" time="0.123" /><testcase classname="backend.tests.test_trips.TestTripUpdate" name="test_patch_404" time="0.077" /><testcase classname="backend.tests.test_trips.TestMarkers" name="test_add_marker_valid_types" time="0.384" /><testcase classname="backend.tests.test_trips.TestMarkers" name="test_add_marker_invalid_type" time="0.056" /><testcase classname="backend.tests.test_trips.TestMarkers" name="test_add_marker_trip_404" time="0.058" /><testcase classname="backend.tests.test_trips.TestTripDelete" name="test_delete_and_verify_404" time="0.111" /><testcase classname="backend.tests.test_trips.TestTripDelete" name="test_delete_404" time="0.061" /><testcase classname="backend.tests.test_trips" name="test_zz_cleanup" time="0.055" /></testsuite></testsuites>