<?xml version="1.0" encoding="utf-8"?><testsuites name="pytest tests"><testsuite name="pytest" errors="0" failures="0" skipped="0" tests="14" time="2.181" timestamp="2026-05-25T13:13:41.781314+00:00" hostname="agent-env-bdd7b439-3503-481f-b59a-c78c7437f3b3"><testcase classname="backend.tests.test_trips.TestRoot" name="test_root_ok" time="0.304" /><testcase classname="backend.tests.test_trips.TestTripCRUD" name="test_create_trip_defaults" time="0.082" /><testcase classname="backend.tests.test_trips.TestTripCRUD" name="test_create_trip_no_name" time="0.061" /><testcase classname="backend.tests.test_trips.TestTripCRUD" name="test_list_trips_sorted_desc_no_id_leak" time="0.056" /><testcase classname="backend.tests.test_trips.TestTripCRUD" name="test_get_trip_by_id" time="0.065" /><testcase classname="backend.tests.test_trips.TestTripCRUD" name="test_get_trip_404" time="0.054" /><testcase classname="backend.tests.test_trips.TestTripUpdate" name="test_patch_all_fields_persist" time="0.107" /><testcase classname="backend.tests.test_trips.TestTripUpdate" name="test_patch_404" time="0.052" /><testcase classname="backend.tests.test_trips.TestMarkers" name="test_add_marker_valid_types" time="0.348" /><testcase classname="backend.tests.test_trips.TestMarkers" name="test_add_marker_invalid_type" time="0.053" /><testcase classname="backend.tests.test_trips.TestMarkers" name="test_add_marker_trip_404" time="0.055" /><testcase classname="backend.tests.test_trips.TestTripDelete" name="test_delete_and_verify_404" time="0.108" /><testcase classname="backend.tests.test_trips.TestTripDelete" name="test_delete_404" time="0.062" /><testcase classname="backend.tests.test_trips" name="test_zz_cleanup" time="0.054" /></testsuite></testsuites>